TN:
SF:src/BubbleSort/BubbleSort.ts
FN:11,(anonymous_0)
FNF:1
FNH:1
FNDA:3,(anonymous_0)
DA:6,1
DA:12,3
DA:14,3
DA:15,9
DA:16,18
DA:17,4
DA:18,4
DA:19,4
DA:23,3
DA:24,3
LF:10
LH:10
BRDA:16,0,0,4
BRDA:16,0,1,14
BRF:2
BRH:2
end_of_record
TN:
SF:src/MergeSort/MergeSort.ts
FN:10,(anonymous_0)
FN:20,(anonymous_1)
FN:37,(anonymous_2)
FNF:3
FNH:3
FNDA:3,(anonymous_0)
FNDA:9,(anonymous_1)
FNDA:9,(anonymous_2)
DA:5,1
DA:11,3
DA:12,0
DA:21,9
DA:22,9
DA:23,9
DA:25,9
DA:26,3
DA:27,3
DA:30,9
DA:38,9
DA:39,9
DA:40,9
DA:41,9
DA:42,9
DA:44,9
DA:45,18
DA:46,18
DA:47,18
DA:48,14
DA:49,5
DA:50,5
DA:52,9
DA:53,7
DA:54,7
DA:56,2
DA:57,2
DA:61,4
DA:62,4
DA:63,4
DA:67,9
LF:31
LH:30
BRDA:25,0,0,3
BRDA:25,0,1,6
BRDA:44,1,0,27
BRDA:44,1,1,13
BRDA:47,2,0,14
BRDA:47,2,1,4
BRDA:48,3,0,5
BRDA:48,3,1,9
BRDA:52,4,0,7
BRDA:52,4,1,2
BRDA:61,5,0,4
BRDA:61,5,1,0
BRF:12
BRH:11
end_of_record
TN:
SF:src/Solver/Solver.ts
FN:7,(anonymous_0)
FN:13,(anonymous_1)
FN:21,(anonymous_2)
FN:28,(anonymous_3)
FN:35,(anonymous_4)
FNF:5
FNH:4
FNDA:2,(anonymous_0)
FNDA:2,(anonymous_1)
FNDA:2,(anonymous_2)
FNDA:4,(anonymous_3)
FNDA:0,(anonymous_4)
DA:6,1
DA:7,2
DA:14,2
DA:22,2
DA:29,4
DA:36,0
LF:6
LH:5
BRF:0
BRH:0
end_of_record
